<?xml version="1.0" encoding="UTF-8"?>
<!-- Generated by org.testng.reporters.JUnitXMLReporter -->
<testsuite ignored="0" hostname="Bloomlync-Qa" failures="0" tests="9" name="API Tests" time="39.553" errors="0" timestamp="2024-07-18T16:13:21 IST">
  <testcase classname="test.VideoPlatformTest$EncoderTest" name="testEncoder" time="6.359"/>
  <testcase classname="test.VideoPlatformTest$DecoderPhenixTest" name="testPhenixDecoder" time="4.941"/>
  <testcase classname="test.VideoPlatformTest$SourceTest" name="testSource" time="4.255"/>
  <testcase classname="test.VideoPlatformTest$SourceTest" name="testSource" time="4.013"/>
  <testcase classname="test.VideoPlatformTest$ChannelPhenixTest" name="testPhenixChannel" time="4.007"/>
  <testcase classname="test.VideoPlatformTest$BookingTest" name="testPhenixBooking" time="4.105"/>
  <testcase classname="test.VideoPlatformTest$DecoderDolbyNoneTest" name="testNoneDolbyDecoder" time="3.965"/>
  <testcase classname="test.VideoPlatformTest$ChannelNoneTest" name="testNoneChannel" time="3.913"/>
  <testcase classname="test.VideoPlatformTest$ChannelDolbyTest" name="testDolbyChannel" time="3.932"/>
</testsuite> <!-- API Tests -->
