<?xml version="1.0" encoding="UTF-8"?>
<!-- Generated by org.testng.reporters.JUnitXMLReporter -->
<testsuite ignored="0" hostname="Bloomlync-Qa" failures="2" tests="8" name="Booking Tests" time="34.603" errors="0" timestamp="2024-06-26T17:06:42 IST">
  <testcase classname="test.VideoPlatformTest$BookingTest" name="testPhenixBooking" time="2.822">
    <failure type="java.lang.RuntimeException" message="Failed to create booking: HTTP/1.1 400 Bad Request {&amp;quot;code&amp;quot;:3,&amp;quot;message&amp;quot;:&amp;quot;Validation failed: \n -- VideoBooking.Channel: &amp;apos;Channel&amp;apos; must not be empty. Severity: Error\n -- VideoBooking.Source: &amp;apos;Source&amp;apos; must not be empty. Severity: Error&amp;quot;,&amp;quot;details&amp;quot;:[{&amp;quot;@type&amp;quot;:&amp;quot;type.googleapis.com/google.rpc.BadRequest&amp;quot;,&amp;quot;field_violations&amp;quot;:[{&amp;quot;field&amp;quot;:&amp;quot;VideoBooking.Channel&amp;quot;,&amp;quot;description&amp;quot;:&amp;quot;&amp;apos;Channel&amp;apos; must not be empty.&amp;quot;},{&amp;quot;field&amp;quot;:&amp;quot;VideoBooking.Source&amp;quot;,&amp;quot;description&amp;quot;:&amp;quot;&amp;apos;Source&amp;apos; must not be empty.&amp;quot;}]}]}">
      <![CDATA[java.lang.RuntimeException: Failed to create booking: HTTP/1.1 400 Bad Request {"code":3,"message":"Validation failed: \n -- VideoBooking.Channel: 'Channel' must not be empty. Severity: Error\n -- VideoBooking.Source: 'Source' must not be empty. Severity: Error","details":[{"@type":"type.googleapis.com/google.rpc.BadRequest","field_violations":[{"field":"VideoBooking.Channel","description":"'Channel' must not be empty."},{"field":"VideoBooking.Source","description":"'Source' must not be empty."}]}]}
at utils.BaseApiService.create(BaseApiService.java:60)
at utils.ApiServiceBooking.createBooking(ApiServiceBooking.java:19)
at test.VideoPlatformTest$BookingTest.testPhenixBooking(VideoPlatformTest.java:242)
at java.base/java.util.ArrayList.forEach(ArrayList.java:1596)
... Removed 25 stack frames]]>
    </failure>
  </testcase> <!-- testPhenixBooking -->
  <testcase classname="test.VideoPlatformTest$ChannelDolbyTest" name="testDolbyChannel" time="4.102"/>
  <testcase classname="test.VideoPlatformTest$ChannelNoneTest" name="testNoneChannel" time="0.781">
    <failure type="java.lang.RuntimeException" message="Failed to create booking: HTTP/1.1 400 Bad Request {&amp;quot;code&amp;quot;:3,&amp;quot;message&amp;quot;:&amp;quot;Validation failed: \n -- VideoChannel.Decoder: &amp;apos;Decoder&amp;apos; must not be empty. Severity: Error&amp;quot;,&amp;quot;details&amp;quot;:[{&amp;quot;@type&amp;quot;:&amp;quot;type.googleapis.com/google.rpc.BadRequest&amp;quot;,&amp;quot;field_violations&amp;quot;:[{&amp;quot;field&amp;quot;:&amp;quot;VideoChannel.Decoder&amp;quot;,&amp;quot;description&amp;quot;:&amp;quot;&amp;apos;Decoder&amp;apos; must not be empty.&amp;quot;}]}]}">
      <![CDATA[java.lang.RuntimeException: Failed to create booking: HTTP/1.1 400 Bad Request {"code":3,"message":"Validation failed: \n -- VideoChannel.Decoder: 'Decoder' must not be empty. Severity: Error","details":[{"@type":"type.googleapis.com/google.rpc.BadRequest","field_violations":[{"field":"VideoChannel.Decoder","description":"'Decoder' must not be empty."}]}]}
at utils.BaseApiService.create(BaseApiService.java:60)
at utils.ApiServiceChannel.createChannel(ApiServiceChannel.java:20)
at test.VideoPlatformTest$ChannelNoneTest.testNoneChannel(VideoPlatformTest.java:221)
at java.base/java.util.ArrayList.forEach(ArrayList.java:1596)
... Removed 25 stack frames]]>
    </failure>
  </testcase> <!-- testNoneChannel -->
  <testcase classname="test.VideoPlatformTest$ChannelPhenixTest" name="testPhenixChannel" time="4.103"/>
  <testcase classname="test.VideoPlatformTest$DecoderDolbyNoneTest" name="testNoneDolbyDecoder" time="4.071"/>
  <testcase classname="test.VideoPlatformTest$DecoderPhenixTest" name="testPhenixDecoder" time="4.812"/>
  <testcase classname="test.VideoPlatformTest$EncoderTest" name="testEncoder" time="4.783"/>
  <testcase classname="test.VideoPlatformTest$SourceTest" name="testSource" time="9.054"/>
</testsuite> <!-- Booking Tests -->
