<?xml version="1.0" encoding="UTF-8"?>
<!-- Generated by org.testng.reporters.JUnitXMLReporter -->
<testsuite ignored="1" hostname="Bloomlync-Qa" failures="0" tests="3" name="Decoder Tests" time="20.737" errors="0" timestamp="2024-06-14T16:08:29 IST">
  <testcase classname="test.VideoPlatformTest" name="testCreateGetUpdateDeleteDecoder" time="8.059"/>
  <testcase classname="test.VideoPlatformTest" name="testCreateGetUpdateDeleteDecoder" time="6.365"/>
  <testcase classname="test.VideoPlatformTest" name="testCreateGetUpdateDeleteDecoder" time="6.269"/>
  <testcase classname="test.VideoPlatformTest" name="testCreateGetUpdateDeleteEncoder" time="0.0">
    <ignored/>
  </testcase> <!-- testCreateGetUpdateDeleteEncoder -->
</testsuite> <!-- Decoder Tests -->
