<?xml version="1.0" encoding="UTF-8"?>
<!-- Generated by org.testng.reporters.JUnitXMLReporter -->
<testsuite ignored="1" hostname="Bloomlync-Qa" failures="0" tests="1" name="Encoder Tests" time="6.212" errors="0" timestamp="2024-06-14T14:59:48 IST">
  <testcase classname="test.VideoPlatformTest" name="testCreateGetUpdateDeleteEncoder" time="6.21"/>
  <testcase classname="test.VideoPlatformTest" name="testCreateGetUpdateDeleteDecoder" time="0.0">
    <ignored/>
  </testcase> <!-- testCreateGetUpdateDeleteDecoder -->
</testsuite> <!-- Encoder Tests -->
