<?xml version="1.0" encoding="UTF-8"?>
<!-- Generated by org.testng.reporters.JUnitXMLReporter -->
<testsuite ignored="5" hostname="Bloomlync-Qa" failures="0" tests="3" name="Source Tests" time="36.956" errors="0" timestamp="2024-06-22T20:20:14 IST">
  <testcase classname="test.VideoPlatformTest" name="testCreateGetUpdateDeleteChannel" time="16.193"/>
  <testcase classname="test.VideoPlatformTest" name="testCreateGetUpdateDeleteChannel" time="8.389"/>
  <testcase classname="test.VideoPlatformTest" name="testCreateGetUpdateDeleteChannel" time="12.26"/>
  <testcase classname="test.VideoPlatformTest" name="testCreateGetUpdateDeleteBooking" time="0.0">
    <ignored/>
  </testcase> <!-- testCreateGetUpdateDeleteBooking -->
  <testcase classname="test.VideoPlatformTest" name="testCreateGetUpdateDeleteSource" time="0.0">
    <ignored/>
  </testcase> <!-- testCreateGetUpdateDeleteSource -->
  <testcase classname="test.VideoPlatformTest" name="testCreateGetUpdateDeleteEncoder" time="0.0">
    <ignored/>
  </testcase> <!-- testCreateGetUpdateDeleteEncoder -->
  <testcase classname="test.VideoPlatformTest" name="testCreateGetUpdateDeleteDecoder" time="0.0">
    <ignored/>
  </testcase> <!-- testCreateGetUpdateDeleteDecoder -->
  <testcase classname="test.VideoPlatformTest" name="testCreateGetUpdateDeleteDecoder" time="0.0">
    <ignored/>
  </testcase> <!-- testCreateGetUpdateDeleteDecoder -->
</testsuite> <!-- Source Tests -->
