<?xml version="1.0" encoding="UTF-8"?>
<testng-results ignored="0" total="1" passed="1" failed="0" skipped="0">
  <reporter-output>
  </reporter-output>
  <suite started-at="2024-07-26T12:12:15 IST" name="Default suite" finished-at="2024-07-26T12:12:18 IST" duration-ms="2774">
    <groups>
    </groups>
    <test started-at="2024-07-26T12:12:15 IST" name="Default test" finished-at="2024-07-26T12:12:18 IST" duration-ms="2774">
      <class name="Test.EncoderTest">
        <test-method signature="test_01()[pri:0, instance:Test.EncoderTest@62150f9e]" started-at="2024-07-26T12:12:15 IST" name="test_01" finished-at="2024-07-26T12:12:18 IST" duration-ms="2747" status="PASS">
          <reporter-output>
          </reporter-output>
        </test-method> <!-- test_01 -->
      </class> <!-- Test.EncoderTest -->
    </test> <!-- Default test -->
  </suite> <!-- Default suite -->
</testng-results>
